The system is: Darwin - 21.6.0 - x86_64
Compiling the C compiler identification source file "CMakeCCompilerId.c" succeeded.
Compiler: /Users/long.nguyenviet/esp/esp8266/xtensa-lx106-elf/bin/xtensa-lx106-elf-gcc 
Build flags: 
Id flags:  

The output was:
0


Compilation of the C compiler identification source "CMakeCCompilerId.c" produced "a.out"

The C compiler identification is GNU, found in "/Volumes/Works/Weekend/IoT/esp8266/esp8266-rtos-switch/components/esp8266-rtos-core/cmake-build-esp8266-rtos-sdk/CMakeFiles/3.21.1/CompilerIdC/a.out"

Compiling the CXX compiler identification source file "CMakeCXXCompilerId.cpp" succeeded.
Compiler: /Users/long.nguyenviet/esp/esp8266/xtensa-lx106-elf/bin/xtensa-lx106-elf-g++ 
Build flags: 
Id flags:  

The output was:
0


Compilation of the CXX compiler identification source "CMakeCXXCompilerId.cpp" produced "a.out"

The CXX compiler identification is GNU, found in "/Volumes/Works/Weekend/IoT/esp8266/esp8266-rtos-switch/components/esp8266-rtos-core/cmake-build-esp8266-rtos-sdk/CMakeFiles/3.21.1/CompilerIdCXX/a.out"

Detecting C compiler ABI info compiled with the following output:
Change Dir: /Volumes/Works/Weekend/IoT/esp8266/esp8266-rtos-switch/components/esp8266-rtos-core/cmake-build-esp8266-rtos-sdk/CMakeFiles/CMakeTmp

Run Build Command(s):/usr/bin/make -f Makefile cmTC_11f8f/fast && /Library/Developer/CommandLineTools/usr/bin/make  -f CMakeFiles/cmTC_11f8f.dir/build.make CMakeFiles/cmTC_11f8f.dir/build
Building C object CMakeFiles/cmTC_11f8f.dir/CMakeCCompilerABI.c.o
/Users/long.nguyenviet/esp/esp8266/xtensa-lx106-elf/bin/xtensa-lx106-elf-gcc   -isysroot /Library/Developer/CommandLineTools/SDKs/MacOSX13.1.sdk   -v -Wl,-v -o CMakeFiles/cmTC_11f8f.dir/CMakeCCompilerABI.c.o -c /Applications/CLion.app/Contents/bin/cmake/mac/share/cmake-3.21/Modules/CMakeCCompilerABI.c
Using built-in specs.
COLLECT_GCC=/Users/long.nguyenviet/esp/esp8266/xtensa-lx106-elf/bin/xtensa-lx106-elf-gcc
Target: xtensa-lx106-elf
Configured with: /builds/idf/crosstool-NG/.build/HOST-x86_64-apple-darwin12/xtensa-lx106-elf/src/gcc/configure --build=x86_64-build_pc-linux-gnu --host=x86_64-host_apple-darwin12 --target=xtensa-lx106-elf --prefix=/builds/idf/crosstool-NG/builds/xtensa-lx106-elf --with-local-prefix=/builds/idf/crosstool-NG/builds/xtensa-lx106-elf/xtensa-lx106-elf --with-headers=/builds/idf/crosstool-NG/builds/xtensa-lx106-elf/xtensa-lx106-elf/include --with-newlib --enable-threads=no --disable-shared --with-pkgversion='crosstool-NG esp-2020r3-49-gd5524c1' --disable-__cxa_atexit --enable-cxx-flags=-ffunction-sections --disable-libgomp --disable-libmudflap --disable-libmpx --disable-libssp --disable-libquadmath --disable-libquadmath-support --with-gmp=/builds/idf/crosstool-NG/.build/HOST-x86_64-apple-darwin12/xtensa-lx106-elf/buildtools/complibs-host --with-mpfr=/builds/idf/crosstool-NG/.build/HOST-x86_64-apple-darwin12/xtensa-lx106-elf/buildtools/complibs-host --with-mpc=/builds/idf/crosstool-NG/.build/HOST-x86_64-apple-darwin12/xtensa-lx106-elf/buildtools/complibs-host --with-isl=/builds/idf/crosstool-NG/.build/HOST-x86_64-apple-darwin12/xtensa-lx106-elf/buildtools/complibs-host --enable-lto --enable-target-optspace --without-long-double-128 --disable-nls --enable-multiarch --enable-languages=c,c++ --disable-libstdcxx-verbose --enable-threads=posix --enable-libstdcxx-time=yes
Thread model: posix
gcc version 8.4.0 (crosstool-NG esp-2020r3-49-gd5524c1) 
COLLECT_GCC_OPTIONS='-isysroot' '/Library/Developer/CommandLineTools/SDKs/MacOSX13.1.sdk' '-v' '-o' 'CMakeFiles/cmTC_11f8f.dir/CMakeCCompilerABI.c.o' '-c'
 /Users/long.nguyenviet/esp/esp8266/xtensa-lx106-elf/bin/../libexec/gcc/xtensa-lx106-elf/8.4.0/cc1 -quiet -v -iprefix /Users/long.nguyenviet/esp/esp8266/xtensa-lx106-elf/bin/../lib/gcc/xtensa-lx106-elf/8.4.0/ -isysroot /Library/Developer/CommandLineTools/SDKs/MacOSX13.1.sdk /Applications/CLion.app/Contents/bin/cmake/mac/share/cmake-3.21/Modules/CMakeCCompilerABI.c -quiet -dumpbase CMakeCCompilerABI.c -auxbase-strip CMakeFiles/cmTC_11f8f.dir/CMakeCCompilerABI.c.o -version -o /var/folders/bg/vthjw4px2n71xyq12hrggpfc0000gp/T//ccqo3cC5.s
GNU C17 (crosstool-NG esp-2020r3-49-gd5524c1) version 8.4.0 (xtensa-lx106-elf)
	compiled by GNU C version 8.3.0, GMP version 6.1.2, MPFR version 4.0.1, MPC version 1.1.0, isl version isl-0.19-GMP

GGC heuristics: --param ggc-min-expand=100 --param ggc-min-heapsize=131072
ignoring duplicate directory "/Users/long.nguyenviet/esp/esp8266/xtensa-lx106-elf/bin/../lib/gcc/../../lib/gcc/xtensa-lx106-elf/8.4.0/include"
ignoring duplicate directory "/Users/long.nguyenviet/esp/esp8266/xtensa-lx106-elf/bin/../lib/gcc/../../lib/gcc/xtensa-lx106-elf/8.4.0/include-fixed"
ignoring duplicate directory "/Users/long.nguyenviet/esp/esp8266/xtensa-lx106-elf/bin/../lib/gcc/../../lib/gcc/xtensa-lx106-elf/8.4.0/../../../../xtensa-lx106-elf/sys-include"
ignoring duplicate directory "/Users/long.nguyenviet/esp/esp8266/xtensa-lx106-elf/bin/../lib/gcc/../../lib/gcc/xtensa-lx106-elf/8.4.0/../../../../xtensa-lx106-elf/include"
#include "..." search starts here:
#include <...> search starts here:
 /Users/long.nguyenviet/esp/esp8266/xtensa-lx106-elf/bin/../lib/gcc/xtensa-lx106-elf/8.4.0/include
 /Users/long.nguyenviet/esp/esp8266/xtensa-lx106-elf/bin/../lib/gcc/xtensa-lx106-elf/8.4.0/include-fixed
 /Users/long.nguyenviet/esp/esp8266/xtensa-lx106-elf/bin/../lib/gcc/xtensa-lx106-elf/8.4.0/../../../../xtensa-lx106-elf/sys-include
 /Users/long.nguyenviet/esp/esp8266/xtensa-lx106-elf/bin/../lib/gcc/xtensa-lx106-elf/8.4.0/../../../../xtensa-lx106-elf/include
End of search list.
GNU C17 (crosstool-NG esp-2020r3-49-gd5524c1) version 8.4.0 (xtensa-lx106-elf)
	compiled by GNU C version 8.3.0, GMP version 6.1.2, MPFR version 4.0.1, MPC version 1.1.0, isl version isl-0.19-GMP

GGC heuristics: --param ggc-min-expand=100 --param ggc-min-heapsize=131072
Compiler executable checksum: 0e40604e9942c4272b1065c26829b3cf
COLLECT_GCC_OPTIONS='-isysroot' '/Library/Developer/CommandLineTools/SDKs/MacOSX13.1.sdk' '-v' '-o' 'CMakeFiles/cmTC_11f8f.dir/CMakeCCompilerABI.c.o' '-c'
 /Users/long.nguyenviet/esp/esp8266/xtensa-lx106-elf/bin/../lib/gcc/xtensa-lx106-elf/8.4.0/../../../../xtensa-lx106-elf/bin/as --traditional-format -o CMakeFiles/cmTC_11f8f.dir/CMakeCCompilerABI.c.o /var/folders/bg/vthjw4px2n71xyq12hrggpfc0000gp/T//ccqo3cC5.s
COMPILER_PATH=/Users/long.nguyenviet/esp/esp8266/xtensa-lx106-elf/bin/../libexec/gcc/xtensa-lx106-elf/8.4.0/:/Users/long.nguyenviet/esp/esp8266/xtensa-lx106-elf/bin/../libexec/gcc/:/Users/long.nguyenviet/esp/esp8266/xtensa-lx106-elf/bin/../lib/gcc/xtensa-lx106-elf/8.4.0/../../../../xtensa-lx106-elf/bin/
LIBRARY_PATH=/Users/long.nguyenviet/esp/esp8266/xtensa-lx106-elf/bin/../lib/gcc/xtensa-lx106-elf/8.4.0/:/Users/long.nguyenviet/esp/esp8266/xtensa-lx106-elf/bin/../lib/gcc/:/Users/long.nguyenviet/esp/esp8266/xtensa-lx106-elf/bin/../lib/gcc/xtensa-lx106-elf/8.4.0/../../../../xtensa-lx106-elf/lib/
COLLECT_GCC_OPTIONS='-isysroot' '/Library/Developer/CommandLineTools/SDKs/MacOSX13.1.sdk' '-v' '-o' 'CMakeFiles/cmTC_11f8f.dir/CMakeCCompilerABI.c.o' '-c'
Linking C executable cmTC_11f8f
/Applications/CLion.app/Contents/bin/cmake/mac/bin/cmake -E cmake_link_script CMakeFiles/cmTC_11f8f.dir/link.txt --verbose=1
/Users/long.nguyenviet/esp/esp8266/xtensa-lx106-elf/bin/xtensa-lx106-elf-gcc  -isysroot /Library/Developer/CommandLineTools/SDKs/MacOSX13.1.sdk -Wl,-search_paths_first -Wl,-headerpad_max_install_names  -v -Wl,-v CMakeFiles/cmTC_11f8f.dir/CMakeCCompilerABI.c.o -o cmTC_11f8f 
Using built-in specs.
COLLECT_GCC=/Users/long.nguyenviet/esp/esp8266/xtensa-lx106-elf/bin/xtensa-lx106-elf-gcc
COLLECT_LTO_WRAPPER=/Users/long.nguyenviet/esp/esp8266/xtensa-lx106-elf/bin/../libexec/gcc/xtensa-lx106-elf/8.4.0/lto-wrapper
Target: xtensa-lx106-elf
Configured with: /builds/idf/crosstool-NG/.build/HOST-x86_64-apple-darwin12/xtensa-lx106-elf/src/gcc/configure --build=x86_64-build_pc-linux-gnu --host=x86_64-host_apple-darwin12 --target=xtensa-lx106-elf --prefix=/builds/idf/crosstool-NG/builds/xtensa-lx106-elf --with-local-prefix=/builds/idf/crosstool-NG/builds/xtensa-lx106-elf/xtensa-lx106-elf --with-headers=/builds/idf/crosstool-NG/builds/xtensa-lx106-elf/xtensa-lx106-elf/include --with-newlib --enable-threads=no --disable-shared --with-pkgversion='crosstool-NG esp-2020r3-49-gd5524c1' --disable-__cxa_atexit --enable-cxx-flags=-ffunction-sections --disable-libgomp --disable-libmudflap --disable-libmpx --disable-libssp --disable-libquadmath --disable-libquadmath-support --with-gmp=/builds/idf/crosstool-NG/.build/HOST-x86_64-apple-darwin12/xtensa-lx106-elf/buildtools/complibs-host --with-mpfr=/builds/idf/crosstool-NG/.build/HOST-x86_64-apple-darwin12/xtensa-lx106-elf/buildtools/complibs-host --with-mpc=/builds/idf/crosstool-NG/.build/HOST-x86_64-apple-darwin12/xtensa-lx106-elf/buildtools/complibs-host --with-isl=/builds/idf/crosstool-NG/.build/HOST-x86_64-apple-darwin12/xtensa-lx106-elf/buildtools/complibs-host --enable-lto --enable-target-optspace --without-long-double-128 --disable-nls --enable-multiarch --enable-languages=c,c++ --disable-libstdcxx-verbose --enable-threads=posix --enable-libstdcxx-time=yes
Thread model: posix
gcc version 8.4.0 (crosstool-NG esp-2020r3-49-gd5524c1) 
COMPILER_PATH=/Users/long.nguyenviet/esp/esp8266/xtensa-lx106-elf/bin/../libexec/gcc/xtensa-lx106-elf/8.4.0/:/Users/long.nguyenviet/esp/esp8266/xtensa-lx106-elf/bin/../libexec/gcc/:/Users/long.nguyenviet/esp/esp8266/xtensa-lx106-elf/bin/../lib/gcc/xtensa-lx106-elf/8.4.0/../../../../xtensa-lx106-elf/bin/
LIBRARY_PATH=/Users/long.nguyenviet/esp/esp8266/xtensa-lx106-elf/bin/../lib/gcc/xtensa-lx106-elf/8.4.0/:/Users/long.nguyenviet/esp/esp8266/xtensa-lx106-elf/bin/../lib/gcc/:/Users/long.nguyenviet/esp/esp8266/xtensa-lx106-elf/bin/../lib/gcc/xtensa-lx106-elf/8.4.0/../../../../xtensa-lx106-elf/lib/
COLLECT_GCC_OPTIONS='-isysroot' '/Library/Developer/CommandLineTools/SDKs/MacOSX13.1.sdk' '-v' '-o' 'cmTC_11f8f'
 /Users/long.nguyenviet/esp/esp8266/xtensa-lx106-elf/bin/../libexec/gcc/xtensa-lx106-elf/8.4.0/collect2 -plugin /Users/long.nguyenviet/esp/esp8266/xtensa-lx106-elf/bin/../libexec/gcc/xtensa-lx106-elf/8.4.0/liblto_plugin.so -plugin-opt=/Users/long.nguyenviet/esp/esp8266/xtensa-lx106-elf/bin/../libexec/gcc/xtensa-lx106-elf/8.4.0/lto-wrapper -plugin-opt=-fresolution=/var/folders/bg/vthjw4px2n71xyq12hrggpfc0000gp/T//cctVut97.res -plugin-opt=-pass-through=-lgcc -plugin-opt=-pass-through=-lc -plugin-opt=-pass-through=-lnosys -plugin-opt=-pass-through=-lc -plugin-opt=-pass-through=-lgcc -o cmTC_11f8f /Users/long.nguyenviet/esp/esp8266/xtensa-lx106-elf/bin/../lib/gcc/xtensa-lx106-elf/8.4.0/../../../../xtensa-lx106-elf/lib/crt0.o /Users/long.nguyenviet/esp/esp8266/xtensa-lx106-elf/bin/../lib/gcc/xtensa-lx106-elf/8.4.0/crti.o /Users/long.nguyenviet/esp/esp8266/xtensa-lx106-elf/bin/../lib/gcc/xtensa-lx106-elf/8.4.0/crtbegin.o -L/Users/long.nguyenviet/esp/esp8266/xtensa-lx106-elf/bin/../lib/gcc/xtensa-lx106-elf/8.4.0 -L/Users/long.nguyenviet/esp/esp8266/xtensa-lx106-elf/bin/../lib/gcc -L/Users/long.nguyenviet/esp/esp8266/xtensa-lx106-elf/bin/../lib/gcc/xtensa-lx106-elf/8.4.0/../../../../xtensa-lx106-elf/lib -search_paths_first -headerpad_max_install_names -v CMakeFiles/cmTC_11f8f.dir/CMakeCCompilerABI.c.o -lgcc -lc -lnosys -lc -lgcc /Users/long.nguyenviet/esp/esp8266/xtensa-lx106-elf/bin/../lib/gcc/xtensa-lx106-elf/8.4.0/crtend.o /Users/long.nguyenviet/esp/esp8266/xtensa-lx106-elf/bin/../lib/gcc/xtensa-lx106-elf/8.4.0/crtn.o
collect2 version 8.4.0
/Users/long.nguyenviet/esp/esp8266/xtensa-lx106-elf/bin/../lib/gcc/xtensa-lx106-elf/8.4.0/../../../../xtensa-lx106-elf/bin/ld -plugin /Users/long.nguyenviet/esp/esp8266/xtensa-lx106-elf/bin/../libexec/gcc/xtensa-lx106-elf/8.4.0/liblto_plugin.so -plugin-opt=/Users/long.nguyenviet/esp/esp8266/xtensa-lx106-elf/bin/../libexec/gcc/xtensa-lx106-elf/8.4.0/lto-wrapper -plugin-opt=-fresolution=/var/folders/bg/vthjw4px2n71xyq12hrggpfc0000gp/T//cctVut97.res -plugin-opt=-pass-through=-lgcc -plugin-opt=-pass-through=-lc -plugin-opt=-pass-through=-lnosys -plugin-opt=-pass-through=-lc -plugin-opt=-pass-through=-lgcc -o cmTC_11f8f /Users/long.nguyenviet/esp/esp8266/xtensa-lx106-elf/bin/../lib/gcc/xtensa-lx106-elf/8.4.0/../../../../xtensa-lx106-elf/lib/crt0.o /Users/long.nguyenviet/esp/esp8266/xtensa-lx106-elf/bin/../lib/gcc/xtensa-lx106-elf/8.4.0/crti.o /Users/long.nguyenviet/esp/esp8266/xtensa-lx106-elf/bin/../lib/gcc/xtensa-lx106-elf/8.4.0/crtbegin.o -L/Users/long.nguyenviet/esp/esp8266/xtensa-lx106-elf/bin/../lib/gcc/xtensa-lx106-elf/8.4.0 -L/Users/long.nguyenviet/esp/esp8266/xtensa-lx106-elf/bin/../lib/gcc -L/Users/long.nguyenviet/esp/esp8266/xtensa-lx106-elf/bin/../lib/gcc/xtensa-lx106-elf/8.4.0/../../../../xtensa-lx106-elf/lib -search_paths_first -headerpad_max_install_names -v CMakeFiles/cmTC_11f8f.dir/CMakeCCompilerABI.c.o -lgcc -lc -lnosys -lc -lgcc /Users/long.nguyenviet/esp/esp8266/xtensa-lx106-elf/bin/../lib/gcc/xtensa-lx106-elf/8.4.0/crtend.o /Users/long.nguyenviet/esp/esp8266/xtensa-lx106-elf/bin/../lib/gcc/xtensa-lx106-elf/8.4.0/crtn.o
GNU ld (crosstool-NG esp-2020r3-49-gd5524c1) 2.31.1/Users/long.nguyenviet/esp/esp8266/xtensa-lx106-elf/bin/../lib/gcc/xtensa-lx106-elf/8.4.0/../../../../xtensa-lx106-elf/bin/ld: warning: cannot find entry symbol arch_paths_first; defaulting to 0000000000400074

COLLECT_GCC_OPTIONS='-isysroot' '/Library/Developer/CommandLineTools/SDKs/MacOSX13.1.sdk' '-v' '-o' 'cmTC_11f8f'



Parsed C implicit include dir info from above output: rv=done
  found start of include info
  found start of implicit include info
    add: [/Users/long.nguyenviet/esp/esp8266/xtensa-lx106-elf/bin/../lib/gcc/xtensa-lx106-elf/8.4.0/include]
    add: [/Users/long.nguyenviet/esp/esp8266/xtensa-lx106-elf/bin/../lib/gcc/xtensa-lx106-elf/8.4.0/include-fixed]
    add: [/Users/long.nguyenviet/esp/esp8266/xtensa-lx106-elf/bin/../lib/gcc/xtensa-lx106-elf/8.4.0/../../../../xtensa-lx106-elf/sys-include]
    add: [/Users/long.nguyenviet/esp/esp8266/xtensa-lx106-elf/bin/../lib/gcc/xtensa-lx106-elf/8.4.0/../../../../xtensa-lx106-elf/include]
  end of search list found
  collapse include dir [/Users/long.nguyenviet/esp/esp8266/xtensa-lx106-elf/bin/../lib/gcc/xtensa-lx106-elf/8.4.0/include] ==> [/Users/long.nguyenviet/esp/esp8266/xtensa-lx106-elf/lib/gcc/xtensa-lx106-elf/8.4.0/include]
  collapse include dir [/Users/long.nguyenviet/esp/esp8266/xtensa-lx106-elf/bin/../lib/gcc/xtensa-lx106-elf/8.4.0/include-fixed] ==> [/Users/long.nguyenviet/esp/esp8266/xtensa-lx106-elf/lib/gcc/xtensa-lx106-elf/8.4.0/include-fixed]
  collapse include dir [/Users/long.nguyenviet/esp/esp8266/xtensa-lx106-elf/bin/../lib/gcc/xtensa-lx106-elf/8.4.0/../../../../xtensa-lx106-elf/sys-include] ==> [/Users/long.nguyenviet/esp/esp8266/xtensa-lx106-elf/xtensa-lx106-elf/sys-include]
  collapse include dir [/Users/long.nguyenviet/esp/esp8266/xtensa-lx106-elf/bin/../lib/gcc/xtensa-lx106-elf/8.4.0/../../../../xtensa-lx106-elf/include] ==> [/Users/long.nguyenviet/esp/esp8266/xtensa-lx106-elf/xtensa-lx106-elf/include]
  implicit include dirs: [/Users/long.nguyenviet/esp/esp8266/xtensa-lx106-elf/lib/gcc/xtensa-lx106-elf/8.4.0/include;/Users/long.nguyenviet/esp/esp8266/xtensa-lx106-elf/lib/gcc/xtensa-lx106-elf/8.4.0/include-fixed;/Users/long.nguyenviet/esp/esp8266/xtensa-lx106-elf/xtensa-lx106-elf/sys-include;/Users/long.nguyenviet/esp/esp8266/xtensa-lx106-elf/xtensa-lx106-elf/include]


Parsed C implicit link information from above output:
  link line regex: [^( *|.*[/\])(xtensa-lx106-elf-ld|CMAKE_LINK_STARTFILE-NOTFOUND|([^/\]+-)?ld|collect2)[^/\]*( |$)]
  ignore line: [Change Dir: /Volumes/Works/Weekend/IoT/esp8266/esp8266-rtos-switch/components/esp8266-rtos-core/cmake-build-esp8266-rtos-sdk/CMakeFiles/CMakeTmp]
  ignore line: []
  ignore line: [Run Build Command(s):/usr/bin/make -f Makefile cmTC_11f8f/fast && /Library/Developer/CommandLineTools/usr/bin/make  -f CMakeFiles/cmTC_11f8f.dir/build.make CMakeFiles/cmTC_11f8f.dir/build]
  ignore line: [Building C object CMakeFiles/cmTC_11f8f.dir/CMakeCCompilerABI.c.o]
  ignore line: [/Users/long.nguyenviet/esp/esp8266/xtensa-lx106-elf/bin/xtensa-lx106-elf-gcc   -isysroot /Library/Developer/CommandLineTools/SDKs/MacOSX13.1.sdk   -v -Wl -v -o CMakeFiles/cmTC_11f8f.dir/CMakeCCompilerABI.c.o -c /Applications/CLion.app/Contents/bin/cmake/mac/share/cmake-3.21/Modules/CMakeCCompilerABI.c]
  ignore line: [Using built-in specs.]
  ignore line: [COLLECT_GCC=/Users/long.nguyenviet/esp/esp8266/xtensa-lx106-elf/bin/xtensa-lx106-elf-gcc]
  ignore line: [Target: xtensa-lx106-elf]
  ignore line: [Configured with: /builds/idf/crosstool-NG/.build/HOST-x86_64-apple-darwin12/xtensa-lx106-elf/src/gcc/configure --build=x86_64-build_pc-linux-gnu --host=x86_64-host_apple-darwin12 --target=xtensa-lx106-elf --prefix=/builds/idf/crosstool-NG/builds/xtensa-lx106-elf --with-local-prefix=/builds/idf/crosstool-NG/builds/xtensa-lx106-elf/xtensa-lx106-elf --with-headers=/builds/idf/crosstool-NG/builds/xtensa-lx106-elf/xtensa-lx106-elf/include --with-newlib --enable-threads=no --disable-shared --with-pkgversion='crosstool-NG esp-2020r3-49-gd5524c1' --disable-__cxa_atexit --enable-cxx-flags=-ffunction-sections --disable-libgomp --disable-libmudflap --disable-libmpx --disable-libssp --disable-libquadmath --disable-libquadmath-support --with-gmp=/builds/idf/crosstool-NG/.build/HOST-x86_64-apple-darwin12/xtensa-lx106-elf/buildtools/complibs-host --with-mpfr=/builds/idf/crosstool-NG/.build/HOST-x86_64-apple-darwin12/xtensa-lx106-elf/buildtools/complibs-host --with-mpc=/builds/idf/crosstool-NG/.build/HOST-x86_64-apple-darwin12/xtensa-lx106-elf/buildtools/complibs-host --with-isl=/builds/idf/crosstool-NG/.build/HOST-x86_64-apple-darwin12/xtensa-lx106-elf/buildtools/complibs-host --enable-lto --enable-target-optspace --without-long-double-128 --disable-nls --enable-multiarch --enable-languages=c c++ --disable-libstdcxx-verbose --enable-threads=posix --enable-libstdcxx-time=yes]
  ignore line: [Thread model: posix]
  ignore line: [gcc version 8.4.0 (crosstool-NG esp-2020r3-49-gd5524c1) ]
  ignore line: [COLLECT_GCC_OPTIONS='-isysroot' '/Library/Developer/CommandLineTools/SDKs/MacOSX13.1.sdk' '-v' '-o' 'CMakeFiles/cmTC_11f8f.dir/CMakeCCompilerABI.c.o' '-c']
  ignore line: [ /Users/long.nguyenviet/esp/esp8266/xtensa-lx106-elf/bin/../libexec/gcc/xtensa-lx106-elf/8.4.0/cc1 -quiet -v -iprefix /Users/long.nguyenviet/esp/esp8266/xtensa-lx106-elf/bin/../lib/gcc/xtensa-lx106-elf/8.4.0/ -isysroot /Library/Developer/CommandLineTools/SDKs/MacOSX13.1.sdk /Applications/CLion.app/Contents/bin/cmake/mac/share/cmake-3.21/Modules/CMakeCCompilerABI.c -quiet -dumpbase CMakeCCompilerABI.c -auxbase-strip CMakeFiles/cmTC_11f8f.dir/CMakeCCompilerABI.c.o -version -o /var/folders/bg/vthjw4px2n71xyq12hrggpfc0000gp/T//ccqo3cC5.s]
  ignore line: [GNU C17 (crosstool-NG esp-2020r3-49-gd5524c1) version 8.4.0 (xtensa-lx106-elf)]
  ignore line: [	compiled by GNU C version 8.3.0  GMP version 6.1.2  MPFR version 4.0.1  MPC version 1.1.0  isl version isl-0.19-GMP]
  ignore line: []
  ignore line: [GGC heuristics: --param ggc-min-expand=100 --param ggc-min-heapsize=131072]
  ignore line: [ignoring duplicate directory "/Users/long.nguyenviet/esp/esp8266/xtensa-lx106-elf/bin/../lib/gcc/../../lib/gcc/xtensa-lx106-elf/8.4.0/include"]
  ignore line: [ignoring duplicate directory "/Users/long.nguyenviet/esp/esp8266/xtensa-lx106-elf/bin/../lib/gcc/../../lib/gcc/xtensa-lx106-elf/8.4.0/include-fixed"]
  ignore line: [ignoring duplicate directory "/Users/long.nguyenviet/esp/esp8266/xtensa-lx106-elf/bin/../lib/gcc/../../lib/gcc/xtensa-lx106-elf/8.4.0/../../../../xtensa-lx106-elf/sys-include"]
  ignore line: [ignoring duplicate directory "/Users/long.nguyenviet/esp/esp8266/xtensa-lx106-elf/bin/../lib/gcc/../../lib/gcc/xtensa-lx106-elf/8.4.0/../../../../xtensa-lx106-elf/include"]
  ignore line: [#include "..." search starts here:]
  ignore line: [#include <...> search starts here:]
  ignore line: [ /Users/long.nguyenviet/esp/esp8266/xtensa-lx106-elf/bin/../lib/gcc/xtensa-lx106-elf/8.4.0/include]
  ignore line: [ /Users/long.nguyenviet/esp/esp8266/xtensa-lx106-elf/bin/../lib/gcc/xtensa-lx106-elf/8.4.0/include-fixed]
  ignore line: [ /Users/long.nguyenviet/esp/esp8266/xtensa-lx106-elf/bin/../lib/gcc/xtensa-lx106-elf/8.4.0/../../../../xtensa-lx106-elf/sys-include]
  ignore line: [ /Users/long.nguyenviet/esp/esp8266/xtensa-lx106-elf/bin/../lib/gcc/xtensa-lx106-elf/8.4.0/../../../../xtensa-lx106-elf/include]
  ignore line: [End of search list.]
  ignore line: [GNU C17 (crosstool-NG esp-2020r3-49-gd5524c1) version 8.4.0 (xtensa-lx106-elf)]
  ignore line: [	compiled by GNU C version 8.3.0  GMP version 6.1.2  MPFR version 4.0.1  MPC version 1.1.0  isl version isl-0.19-GMP]
  ignore line: []
  ignore line: [GGC heuristics: --param ggc-min-expand=100 --param ggc-min-heapsize=131072]
  ignore line: [Compiler executable checksum: 0e40604e9942c4272b1065c26829b3cf]
  ignore line: [COLLECT_GCC_OPTIONS='-isysroot' '/Library/Developer/CommandLineTools/SDKs/MacOSX13.1.sdk' '-v' '-o' 'CMakeFiles/cmTC_11f8f.dir/CMakeCCompilerABI.c.o' '-c']
  ignore line: [ /Users/long.nguyenviet/esp/esp8266/xtensa-lx106-elf/bin/../lib/gcc/xtensa-lx106-elf/8.4.0/../../../../xtensa-lx106-elf/bin/as --traditional-format -o CMakeFiles/cmTC_11f8f.dir/CMakeCCompilerABI.c.o /var/folders/bg/vthjw4px2n71xyq12hrggpfc0000gp/T//ccqo3cC5.s]
  ignore line: [COMPILER_PATH=/Users/long.nguyenviet/esp/esp8266/xtensa-lx106-elf/bin/../libexec/gcc/xtensa-lx106-elf/8.4.0/:/Users/long.nguyenviet/esp/esp8266/xtensa-lx106-elf/bin/../libexec/gcc/:/Users/long.nguyenviet/esp/esp8266/xtensa-lx106-elf/bin/../lib/gcc/xtensa-lx106-elf/8.4.0/../../../../xtensa-lx106-elf/bin/]
  ignore line: [LIBRARY_PATH=/Users/long.nguyenviet/esp/esp8266/xtensa-lx106-elf/bin/../lib/gcc/xtensa-lx106-elf/8.4.0/:/Users/long.nguyenviet/esp/esp8266/xtensa-lx106-elf/bin/../lib/gcc/:/Users/long.nguyenviet/esp/esp8266/xtensa-lx106-elf/bin/../lib/gcc/xtensa-lx106-elf/8.4.0/../../../../xtensa-lx106-elf/lib/]
  ignore line: [COLLECT_GCC_OPTIONS='-isysroot' '/Library/Developer/CommandLineTools/SDKs/MacOSX13.1.sdk' '-v' '-o' 'CMakeFiles/cmTC_11f8f.dir/CMakeCCompilerABI.c.o' '-c']
  ignore line: [Linking C executable cmTC_11f8f]
  ignore line: [/Applications/CLion.app/Contents/bin/cmake/mac/bin/cmake -E cmake_link_script CMakeFiles/cmTC_11f8f.dir/link.txt --verbose=1]
  ignore line: [/Users/long.nguyenviet/esp/esp8266/xtensa-lx106-elf/bin/xtensa-lx106-elf-gcc  -isysroot /Library/Developer/CommandLineTools/SDKs/MacOSX13.1.sdk -Wl -search_paths_first -Wl -headerpad_max_install_names  -v -Wl -v CMakeFiles/cmTC_11f8f.dir/CMakeCCompilerABI.c.o -o cmTC_11f8f ]
  ignore line: [Using built-in specs.]
  ignore line: [COLLECT_GCC=/Users/long.nguyenviet/esp/esp8266/xtensa-lx106-elf/bin/xtensa-lx106-elf-gcc]
  ignore line: [COLLECT_LTO_WRAPPER=/Users/long.nguyenviet/esp/esp8266/xtensa-lx106-elf/bin/../libexec/gcc/xtensa-lx106-elf/8.4.0/lto-wrapper]
  ignore line: [Target: xtensa-lx106-elf]
  ignore line: [Configured with: /builds/idf/crosstool-NG/.build/HOST-x86_64-apple-darwin12/xtensa-lx106-elf/src/gcc/configure --build=x86_64-build_pc-linux-gnu --host=x86_64-host_apple-darwin12 --target=xtensa-lx106-elf --prefix=/builds/idf/crosstool-NG/builds/xtensa-lx106-elf --with-local-prefix=/builds/idf/crosstool-NG/builds/xtensa-lx106-elf/xtensa-lx106-elf --with-headers=/builds/idf/crosstool-NG/builds/xtensa-lx106-elf/xtensa-lx106-elf/include --with-newlib --enable-threads=no --disable-shared --with-pkgversion='crosstool-NG esp-2020r3-49-gd5524c1' --disable-__cxa_atexit --enable-cxx-flags=-ffunction-sections --disable-libgomp --disable-libmudflap --disable-libmpx --disable-libssp --disable-libquadmath --disable-libquadmath-support --with-gmp=/builds/idf/crosstool-NG/.build/HOST-x86_64-apple-darwin12/xtensa-lx106-elf/buildtools/complibs-host --with-mpfr=/builds/idf/crosstool-NG/.build/HOST-x86_64-apple-darwin12/xtensa-lx106-elf/buildtools/complibs-host --with-mpc=/builds/idf/crosstool-NG/.build/HOST-x86_64-apple-darwin12/xtensa-lx106-elf/buildtools/complibs-host --with-isl=/builds/idf/crosstool-NG/.build/HOST-x86_64-apple-darwin12/xtensa-lx106-elf/buildtools/complibs-host --enable-lto --enable-target-optspace --without-long-double-128 --disable-nls --enable-multiarch --enable-languages=c c++ --disable-libstdcxx-verbose --enable-threads=posix --enable-libstdcxx-time=yes]
  ignore line: [Thread model: posix]
  ignore line: [gcc version 8.4.0 (crosstool-NG esp-2020r3-49-gd5524c1) ]
  ignore line: [COMPILER_PATH=/Users/long.nguyenviet/esp/esp8266/xtensa-lx106-elf/bin/../libexec/gcc/xtensa-lx106-elf/8.4.0/:/Users/long.nguyenviet/esp/esp8266/xtensa-lx106-elf/bin/../libexec/gcc/:/Users/long.nguyenviet/esp/esp8266/xtensa-lx106-elf/bin/../lib/gcc/xtensa-lx106-elf/8.4.0/../../../../xtensa-lx106-elf/bin/]
  ignore line: [LIBRARY_PATH=/Users/long.nguyenviet/esp/esp8266/xtensa-lx106-elf/bin/../lib/gcc/xtensa-lx106-elf/8.4.0/:/Users/long.nguyenviet/esp/esp8266/xtensa-lx106-elf/bin/../lib/gcc/:/Users/long.nguyenviet/esp/esp8266/xtensa-lx106-elf/bin/../lib/gcc/xtensa-lx106-elf/8.4.0/../../../../xtensa-lx106-elf/lib/]
  ignore line: [COLLECT_GCC_OPTIONS='-isysroot' '/Library/Developer/CommandLineTools/SDKs/MacOSX13.1.sdk' '-v' '-o' 'cmTC_11f8f']
  link line: [ /Users/long.nguyenviet/esp/esp8266/xtensa-lx106-elf/bin/../libexec/gcc/xtensa-lx106-elf/8.4.0/collect2 -plugin /Users/long.nguyenviet/esp/esp8266/xtensa-lx106-elf/bin/../libexec/gcc/xtensa-lx106-elf/8.4.0/liblto_plugin.so -plugin-opt=/Users/long.nguyenviet/esp/esp8266/xtensa-lx106-elf/bin/../libexec/gcc/xtensa-lx106-elf/8.4.0/lto-wrapper -plugin-opt=-fresolution=/var/folders/bg/vthjw4px2n71xyq12hrggpfc0000gp/T//cctVut97.res -plugin-opt=-pass-through=-lgcc -plugin-opt=-pass-through=-lc -plugin-opt=-pass-through=-lnosys -plugin-opt=-pass-through=-lc -plugin-opt=-pass-through=-lgcc -o cmTC_11f8f /Users/long.nguyenviet/esp/esp8266/xtensa-lx106-elf/bin/../lib/gcc/xtensa-lx106-elf/8.4.0/../../../../xtensa-lx106-elf/lib/crt0.o /Users/long.nguyenviet/esp/esp8266/xtensa-lx106-elf/bin/../lib/gcc/xtensa-lx106-elf/8.4.0/crti.o /Users/long.nguyenviet/esp/esp8266/xtensa-lx106-elf/bin/../lib/gcc/xtensa-lx106-elf/8.4.0/crtbegin.o -L/Users/long.nguyenviet/esp/esp8266/xtensa-lx106-elf/bin/../lib/gcc/xtensa-lx106-elf/8.4.0 -L/Users/long.nguyenviet/esp/esp8266/xtensa-lx106-elf/bin/../lib/gcc -L/Users/long.nguyenviet/esp/esp8266/xtensa-lx106-elf/bin/../lib/gcc/xtensa-lx106-elf/8.4.0/../../../../xtensa-lx106-elf/lib -search_paths_first -headerpad_max_install_names -v CMakeFiles/cmTC_11f8f.dir/CMakeCCompilerABI.c.o -lgcc -lc -lnosys -lc -lgcc /Users/long.nguyenviet/esp/esp8266/xtensa-lx106-elf/bin/../lib/gcc/xtensa-lx106-elf/8.4.0/crtend.o /Users/long.nguyenviet/esp/esp8266/xtensa-lx106-elf/bin/../lib/gcc/xtensa-lx106-elf/8.4.0/crtn.o]
    arg [/Users/long.nguyenviet/esp/esp8266/xtensa-lx106-elf/bin/../libexec/gcc/xtensa-lx106-elf/8.4.0/collect2] ==> ignore
    arg [-plugin] ==> ignore
    arg [/Users/long.nguyenviet/esp/esp8266/xtensa-lx106-elf/bin/../libexec/gcc/xtensa-lx106-elf/8.4.0/liblto_plugin.so] ==> ignore
    arg [-plugin-opt=/Users/long.nguyenviet/esp/esp8266/xtensa-lx106-elf/bin/../libexec/gcc/xtensa-lx106-elf/8.4.0/lto-wrapper] ==> ignore
    arg [-plugin-opt=-fresolution=/var/folders/bg/vthjw4px2n71xyq12hrggpfc0000gp/T//cctVut97.res] ==> ignore
    arg [-plugin-opt=-pass-through=-lgcc] ==> ignore
    arg [-plugin-opt=-pass-through=-lc] ==> ignore
    arg [-plugin-opt=-pass-through=-lnosys] ==> ignore
    arg [-plugin-opt=-pass-through=-lc] ==> ignore
    arg [-plugin-opt=-pass-through=-lgcc] ==> ignore
    arg [-o] ==> ignore
    arg [cmTC_11f8f] ==> ignore
    arg [/Users/long.nguyenviet/esp/esp8266/xtensa-lx106-elf/bin/../lib/gcc/xtensa-lx106-elf/8.4.0/../../../../xtensa-lx106-elf/lib/crt0.o] ==> obj [/Users/long.nguyenviet/esp/esp8266/xtensa-lx106-elf/bin/../lib/gcc/xtensa-lx106-elf/8.4.0/../../../../xtensa-lx106-elf/lib/crt0.o]
    arg [/Users/long.nguyenviet/esp/esp8266/xtensa-lx106-elf/bin/../lib/gcc/xtensa-lx106-elf/8.4.0/crti.o] ==> obj [/Users/long.nguyenviet/esp/esp8266/xtensa-lx106-elf/bin/../lib/gcc/xtensa-lx106-elf/8.4.0/crti.o]
    arg [/Users/long.nguyenviet/esp/esp8266/xtensa-lx106-elf/bin/../lib/gcc/xtensa-lx106-elf/8.4.0/crtbegin.o] ==> obj [/Users/long.nguyenviet/esp/esp8266/xtensa-lx106-elf/bin/../lib/gcc/xtensa-lx106-elf/8.4.0/crtbegin.o]
    arg [-L/Users/long.nguyenviet/esp/esp8266/xtensa-lx106-elf/bin/../lib/gcc/xtensa-lx106-elf/8.4.0] ==> dir [/Users/long.nguyenviet/esp/esp8266/xtensa-lx106-elf/bin/../lib/gcc/xtensa-lx106-elf/8.4.0]
    arg [-L/Users/long.nguyenviet/esp/esp8266/xtensa-lx106-elf/bin/../lib/gcc] ==> dir [/Users/long.nguyenviet/esp/esp8266/xtensa-lx106-elf/bin/../lib/gcc]
    arg [-L/Users/long.nguyenviet/esp/esp8266/xtensa-lx106-elf/bin/../lib/gcc/xtensa-lx106-elf/8.4.0/../../../../xtensa-lx106-elf/lib] ==> dir [/Users/long.nguyenviet/esp/esp8266/xtensa-lx106-elf/bin/../lib/gcc/xtensa-lx106-elf/8.4.0/../../../../xtensa-lx106-elf/lib]
    arg [-search_paths_first] ==> ignore
    arg [-headerpad_max_install_names] ==> ignore
    arg [-v] ==> ignore
    arg [CMakeFiles/cmTC_11f8f.dir/CMakeCCompilerABI.c.o] ==> ignore
    arg [-lgcc] ==> lib [gcc]
    arg [-lc] ==> lib [c]
    arg [-lnosys] ==> lib [nosys]
    arg [-lc] ==> lib [c]
    arg [-lgcc] ==> lib [gcc]
    arg [/Users/long.nguyenviet/esp/esp8266/xtensa-lx106-elf/bin/../lib/gcc/xtensa-lx106-elf/8.4.0/crtend.o] ==> obj [/Users/long.nguyenviet/esp/esp8266/xtensa-lx106-elf/bin/../lib/gcc/xtensa-lx106-elf/8.4.0/crtend.o]
    arg [/Users/long.nguyenviet/esp/esp8266/xtensa-lx106-elf/bin/../lib/gcc/xtensa-lx106-elf/8.4.0/crtn.o] ==> obj [/Users/long.nguyenviet/esp/esp8266/xtensa-lx106-elf/bin/../lib/gcc/xtensa-lx106-elf/8.4.0/crtn.o]
  collapse obj [/Users/long.nguyenviet/esp/esp8266/xtensa-lx106-elf/bin/../lib/gcc/xtensa-lx106-elf/8.4.0/../../../../xtensa-lx106-elf/lib/crt0.o] ==> [/Users/long.nguyenviet/esp/esp8266/xtensa-lx106-elf/xtensa-lx106-elf/lib/crt0.o]
  collapse obj [/Users/long.nguyenviet/esp/esp8266/xtensa-lx106-elf/bin/../lib/gcc/xtensa-lx106-elf/8.4.0/crti.o] ==> [/Users/long.nguyenviet/esp/esp8266/xtensa-lx106-elf/lib/gcc/xtensa-lx106-elf/8.4.0/crti.o]
  collapse obj [/Users/long.nguyenviet/esp/esp8266/xtensa-lx106-elf/bin/../lib/gcc/xtensa-lx106-elf/8.4.0/crtbegin.o] ==> [/Users/long.nguyenviet/esp/esp8266/xtensa-lx106-elf/lib/gcc/xtensa-lx106-elf/8.4.0/crtbegin.o]
  collapse obj [/Users/long.nguyenviet/esp/esp8266/xtensa-lx106-elf/bin/../lib/gcc/xtensa-lx106-elf/8.4.0/crtend.o] ==> [/Users/long.nguyenviet/esp/esp8266/xtensa-lx106-elf/lib/gcc/xtensa-lx106-elf/8.4.0/crtend.o]
  collapse obj [/Users/long.nguyenviet/esp/esp8266/xtensa-lx106-elf/bin/../lib/gcc/xtensa-lx106-elf/8.4.0/crtn.o] ==> [/Users/long.nguyenviet/esp/esp8266/xtensa-lx106-elf/lib/gcc/xtensa-lx106-elf/8.4.0/crtn.o]
  collapse library dir [/Users/long.nguyenviet/esp/esp8266/xtensa-lx106-elf/bin/../lib/gcc/xtensa-lx106-elf/8.4.0] ==> [/Users/long.nguyenviet/esp/esp8266/xtensa-lx106-elf/lib/gcc/xtensa-lx106-elf/8.4.0]
  collapse library dir [/Users/long.nguyenviet/esp/esp8266/xtensa-lx106-elf/bin/../lib/gcc] ==> [/Users/long.nguyenviet/esp/esp8266/xtensa-lx106-elf/lib/gcc]
  collapse library dir [/Users/long.nguyenviet/esp/esp8266/xtensa-lx106-elf/bin/../lib/gcc/xtensa-lx106-elf/8.4.0/../../../../xtensa-lx106-elf/lib] ==> [/Users/long.nguyenviet/esp/esp8266/xtensa-lx106-elf/xtensa-lx106-elf/lib]
  implicit libs: [gcc;c;nosys;c;gcc]
  implicit objs: [/Users/long.nguyenviet/esp/esp8266/xtensa-lx106-elf/xtensa-lx106-elf/lib/crt0.o;/Users/long.nguyenviet/esp/esp8266/xtensa-lx106-elf/lib/gcc/xtensa-lx106-elf/8.4.0/crti.o;/Users/long.nguyenviet/esp/esp8266/xtensa-lx106-elf/lib/gcc/xtensa-lx106-elf/8.4.0/crtbegin.o;/Users/long.nguyenviet/esp/esp8266/xtensa-lx106-elf/lib/gcc/xtensa-lx106-elf/8.4.0/crtend.o;/Users/long.nguyenviet/esp/esp8266/xtensa-lx106-elf/lib/gcc/xtensa-lx106-elf/8.4.0/crtn.o]
  implicit dirs: [/Users/long.nguyenviet/esp/esp8266/xtensa-lx106-elf/lib/gcc/xtensa-lx106-elf/8.4.0;/Users/long.nguyenviet/esp/esp8266/xtensa-lx106-elf/lib/gcc;/Users/long.nguyenviet/esp/esp8266/xtensa-lx106-elf/xtensa-lx106-elf/lib]
  implicit fwks: []


Detecting CXX compiler ABI info compiled with the following output:
Change Dir: /Volumes/Works/Weekend/IoT/esp8266/esp8266-rtos-switch/components/esp8266-rtos-core/cmake-build-esp8266-rtos-sdk/CMakeFiles/CMakeTmp

Run Build Command(s):/usr/bin/make -f Makefile cmTC_3e3eb/fast && /Library/Developer/CommandLineTools/usr/bin/make  -f CMakeFiles/cmTC_3e3eb.dir/build.make CMakeFiles/cmTC_3e3eb.dir/build
Building CXX object CMakeFiles/cmTC_3e3eb.dir/CMakeCXXCompilerABI.cpp.o
/Users/long.nguyenviet/esp/esp8266/xtensa-lx106-elf/bin/xtensa-lx106-elf-g++   -isysroot /Library/Developer/CommandLineTools/SDKs/MacOSX13.1.sdk   -v -Wl,-v -o CMakeFiles/cmTC_3e3eb.dir/CMakeCXXCompilerABI.cpp.o -c /Applications/CLion.app/Contents/bin/cmake/mac/share/cmake-3.21/Modules/CMakeCXXCompilerABI.cpp
Using built-in specs.
COLLECT_GCC=/Users/long.nguyenviet/esp/esp8266/xtensa-lx106-elf/bin/xtensa-lx106-elf-g++
Target: xtensa-lx106-elf
Configured with: /builds/idf/crosstool-NG/.build/HOST-x86_64-apple-darwin12/xtensa-lx106-elf/src/gcc/configure --build=x86_64-build_pc-linux-gnu --host=x86_64-host_apple-darwin12 --target=xtensa-lx106-elf --prefix=/builds/idf/crosstool-NG/builds/xtensa-lx106-elf --with-local-prefix=/builds/idf/crosstool-NG/builds/xtensa-lx106-elf/xtensa-lx106-elf --with-headers=/builds/idf/crosstool-NG/builds/xtensa-lx106-elf/xtensa-lx106-elf/include --with-newlib --enable-threads=no --disable-shared --with-pkgversion='crosstool-NG esp-2020r3-49-gd5524c1' --disable-__cxa_atexit --enable-cxx-flags=-ffunction-sections --disable-libgomp --disable-libmudflap --disable-libmpx --disable-libssp --disable-libquadmath --disable-libquadmath-support --with-gmp=/builds/idf/crosstool-NG/.build/HOST-x86_64-apple-darwin12/xtensa-lx106-elf/buildtools/complibs-host --with-mpfr=/builds/idf/crosstool-NG/.build/HOST-x86_64-apple-darwin12/xtensa-lx106-elf/buildtools/complibs-host --with-mpc=/builds/idf/crosstool-NG/.build/HOST-x86_64-apple-darwin12/xtensa-lx106-elf/buildtools/complibs-host --with-isl=/builds/idf/crosstool-NG/.build/HOST-x86_64-apple-darwin12/xtensa-lx106-elf/buildtools/complibs-host --enable-lto --enable-target-optspace --without-long-double-128 --disable-nls --enable-multiarch --enable-languages=c,c++ --disable-libstdcxx-verbose --enable-threads=posix --enable-libstdcxx-time=yes
Thread model: posix
gcc version 8.4.0 (crosstool-NG esp-2020r3-49-gd5524c1) 
COLLECT_GCC_OPTIONS='-isysroot' '/Library/Developer/CommandLineTools/SDKs/MacOSX13.1.sdk' '-v' '-o' 'CMakeFiles/cmTC_3e3eb.dir/CMakeCXXCompilerABI.cpp.o' '-c'
 /Users/long.nguyenviet/esp/esp8266/xtensa-lx106-elf/bin/../libexec/gcc/xtensa-lx106-elf/8.4.0/cc1plus -quiet -v -iprefix /Users/long.nguyenviet/esp/esp8266/xtensa-lx106-elf/bin/../lib/gcc/xtensa-lx106-elf/8.4.0/ -isysroot /Library/Developer/CommandLineTools/SDKs/MacOSX13.1.sdk /Applications/CLion.app/Contents/bin/cmake/mac/share/cmake-3.21/Modules/CMakeCXXCompilerABI.cpp -quiet -dumpbase CMakeCXXCompilerABI.cpp -auxbase-strip CMakeFiles/cmTC_3e3eb.dir/CMakeCXXCompilerABI.cpp.o -version -o /var/folders/bg/vthjw4px2n71xyq12hrggpfc0000gp/T//ccXiVDrd.s
GNU C++14 (crosstool-NG esp-2020r3-49-gd5524c1) version 8.4.0 (xtensa-lx106-elf)
	compiled by GNU C version 8.3.0, GMP version 6.1.2, MPFR version 4.0.1, MPC version 1.1.0, isl version isl-0.19-GMP

GGC heuristics: --param ggc-min-expand=100 --param ggc-min-heapsize=131072
ignoring duplicate directory "/Users/long.nguyenviet/esp/esp8266/xtensa-lx106-elf/bin/../lib/gcc/../../lib/gcc/xtensa-lx106-elf/8.4.0/../../../../xtensa-lx106-elf/include/c++/8.4.0"
ignoring duplicate directory "/Users/long.nguyenviet/esp/esp8266/xtensa-lx106-elf/bin/../lib/gcc/../../lib/gcc/xtensa-lx106-elf/8.4.0/../../../../xtensa-lx106-elf/include/c++/8.4.0/xtensa-lx106-elf"
ignoring duplicate directory "/Users/long.nguyenviet/esp/esp8266/xtensa-lx106-elf/bin/../lib/gcc/../../lib/gcc/xtensa-lx106-elf/8.4.0/../../../../xtensa-lx106-elf/include/c++/8.4.0/backward"
ignoring duplicate directory "/Users/long.nguyenviet/esp/esp8266/xtensa-lx106-elf/bin/../lib/gcc/../../lib/gcc/xtensa-lx106-elf/8.4.0/include"
ignoring duplicate directory "/Users/long.nguyenviet/esp/esp8266/xtensa-lx106-elf/bin/../lib/gcc/../../lib/gcc/xtensa-lx106-elf/8.4.0/include-fixed"
ignoring duplicate directory "/Users/long.nguyenviet/esp/esp8266/xtensa-lx106-elf/bin/../lib/gcc/../../lib/gcc/xtensa-lx106-elf/8.4.0/../../../../xtensa-lx106-elf/sys-include"
ignoring duplicate directory "/Users/long.nguyenviet/esp/esp8266/xtensa-lx106-elf/bin/../lib/gcc/../../lib/gcc/xtensa-lx106-elf/8.4.0/../../../../xtensa-lx106-elf/include"
#include "..." search starts here:
#include <...> search starts here:
 /Users/long.nguyenviet/esp/esp8266/xtensa-lx106-elf/bin/../lib/gcc/xtensa-lx106-elf/8.4.0/../../../../xtensa-lx106-elf/include/c++/8.4.0
 /Users/long.nguyenviet/esp/esp8266/xtensa-lx106-elf/bin/../lib/gcc/xtensa-lx106-elf/8.4.0/../../../../xtensa-lx106-elf/include/c++/8.4.0/xtensa-lx106-elf
 /Users/long.nguyenviet/esp/esp8266/xtensa-lx106-elf/bin/../lib/gcc/xtensa-lx106-elf/8.4.0/../../../../xtensa-lx106-elf/include/c++/8.4.0/backward
 /Users/long.nguyenviet/esp/esp8266/xtensa-lx106-elf/bin/../lib/gcc/xtensa-lx106-elf/8.4.0/include
 /Users/long.nguyenviet/esp/esp8266/xtensa-lx106-elf/bin/../lib/gcc/xtensa-lx106-elf/8.4.0/include-fixed
 /Users/long.nguyenviet/esp/esp8266/xtensa-lx106-elf/bin/../lib/gcc/xtensa-lx106-elf/8.4.0/../../../../xtensa-lx106-elf/sys-include
 /Users/long.nguyenviet/esp/esp8266/xtensa-lx106-elf/bin/../lib/gcc/xtensa-lx106-elf/8.4.0/../../../../xtensa-lx106-elf/include
End of search list.
GNU C++14 (crosstool-NG esp-2020r3-49-gd5524c1) version 8.4.0 (xtensa-lx106-elf)
	compiled by GNU C version 8.3.0, GMP version 6.1.2, MPFR version 4.0.1, MPC version 1.1.0, isl version isl-0.19-GMP

GGC heuristics: --param ggc-min-expand=100 --param ggc-min-heapsize=131072
Compiler executable checksum: cb2640c07888211f377428221d8cd919
COLLECT_GCC_OPTIONS='-isysroot' '/Library/Developer/CommandLineTools/SDKs/MacOSX13.1.sdk' '-v' '-o' 'CMakeFiles/cmTC_3e3eb.dir/CMakeCXXCompilerABI.cpp.o' '-c'
 /Users/long.nguyenviet/esp/esp8266/xtensa-lx106-elf/bin/../lib/gcc/xtensa-lx106-elf/8.4.0/../../../../xtensa-lx106-elf/bin/as --traditional-format -o CMakeFiles/cmTC_3e3eb.dir/CMakeCXXCompilerABI.cpp.o /var/folders/bg/vthjw4px2n71xyq12hrggpfc0000gp/T//ccXiVDrd.s
COMPILER_PATH=/Users/long.nguyenviet/esp/esp8266/xtensa-lx106-elf/bin/../libexec/gcc/xtensa-lx106-elf/8.4.0/:/Users/long.nguyenviet/esp/esp8266/xtensa-lx106-elf/bin/../libexec/gcc/:/Users/long.nguyenviet/esp/esp8266/xtensa-lx106-elf/bin/../lib/gcc/xtensa-lx106-elf/8.4.0/../../../../xtensa-lx106-elf/bin/
LIBRARY_PATH=/Users/long.nguyenviet/esp/esp8266/xtensa-lx106-elf/bin/../lib/gcc/xtensa-lx106-elf/8.4.0/:/Users/long.nguyenviet/esp/esp8266/xtensa-lx106-elf/bin/../lib/gcc/:/Users/long.nguyenviet/esp/esp8266/xtensa-lx106-elf/bin/../lib/gcc/xtensa-lx106-elf/8.4.0/../../../../xtensa-lx106-elf/lib/
COLLECT_GCC_OPTIONS='-isysroot' '/Library/Developer/CommandLineTools/SDKs/MacOSX13.1.sdk' '-v' '-o' 'CMakeFiles/cmTC_3e3eb.dir/CMakeCXXCompilerABI.cpp.o' '-c'
Linking CXX executable cmTC_3e3eb
/Applications/CLion.app/Contents/bin/cmake/mac/bin/cmake -E cmake_link_script CMakeFiles/cmTC_3e3eb.dir/link.txt --verbose=1
/Users/long.nguyenviet/esp/esp8266/xtensa-lx106-elf/bin/xtensa-lx106-elf-g++  -isysroot /Library/Developer/CommandLineTools/SDKs/MacOSX13.1.sdk -Wl,-search_paths_first -Wl,-headerpad_max_install_names  -v -Wl,-v CMakeFiles/cmTC_3e3eb.dir/CMakeCXXCompilerABI.cpp.o -o cmTC_3e3eb 
Using built-in specs.
COLLECT_GCC=/Users/long.nguyenviet/esp/esp8266/xtensa-lx106-elf/bin/xtensa-lx106-elf-g++
COLLECT_LTO_WRAPPER=/Users/long.nguyenviet/esp/esp8266/xtensa-lx106-elf/bin/../libexec/gcc/xtensa-lx106-elf/8.4.0/lto-wrapper
Target: xtensa-lx106-elf
Configured with: /builds/idf/crosstool-NG/.build/HOST-x86_64-apple-darwin12/xtensa-lx106-elf/src/gcc/configure --build=x86_64-build_pc-linux-gnu --host=x86_64-host_apple-darwin12 --target=xtensa-lx106-elf --prefix=/builds/idf/crosstool-NG/builds/xtensa-lx106-elf --with-local-prefix=/builds/idf/crosstool-NG/builds/xtensa-lx106-elf/xtensa-lx106-elf --with-headers=/builds/idf/crosstool-NG/builds/xtensa-lx106-elf/xtensa-lx106-elf/include --with-newlib --enable-threads=no --disable-shared --with-pkgversion='crosstool-NG esp-2020r3-49-gd5524c1' --disable-__cxa_atexit --enable-cxx-flags=-ffunction-sections --disable-libgomp --disable-libmudflap --disable-libmpx --disable-libssp --disable-libquadmath --disable-libquadmath-support --with-gmp=/builds/idf/crosstool-NG/.build/HOST-x86_64-apple-darwin12/xtensa-lx106-elf/buildtools/complibs-host --with-mpfr=/builds/idf/crosstool-NG/.build/HOST-x86_64-apple-darwin12/xtensa-lx106-elf/buildtools/complibs-host --with-mpc=/builds/idf/crosstool-NG/.build/HOST-x86_64-apple-darwin12/xtensa-lx106-elf/buildtools/complibs-host --with-isl=/builds/idf/crosstool-NG/.build/HOST-x86_64-apple-darwin12/xtensa-lx106-elf/buildtools/complibs-host --enable-lto --enable-target-optspace --without-long-double-128 --disable-nls --enable-multiarch --enable-languages=c,c++ --disable-libstdcxx-verbose --enable-threads=posix --enable-libstdcxx-time=yes
Thread model: posix
gcc version 8.4.0 (crosstool-NG esp-2020r3-49-gd5524c1) 
COMPILER_PATH=/Users/long.nguyenviet/esp/esp8266/xtensa-lx106-elf/bin/../libexec/gcc/xtensa-lx106-elf/8.4.0/:/Users/long.nguyenviet/esp/esp8266/xtensa-lx106-elf/bin/../libexec/gcc/:/Users/long.nguyenviet/esp/esp8266/xtensa-lx106-elf/bin/../lib/gcc/xtensa-lx106-elf/8.4.0/../../../../xtensa-lx106-elf/bin/
LIBRARY_PATH=/Users/long.nguyenviet/esp/esp8266/xtensa-lx106-elf/bin/../lib/gcc/xtensa-lx106-elf/8.4.0/:/Users/long.nguyenviet/esp/esp8266/xtensa-lx106-elf/bin/../lib/gcc/:/Users/long.nguyenviet/esp/esp8266/xtensa-lx106-elf/bin/../lib/gcc/xtensa-lx106-elf/8.4.0/../../../../xtensa-lx106-elf/lib/
COLLECT_GCC_OPTIONS='-isysroot' '/Library/Developer/CommandLineTools/SDKs/MacOSX13.1.sdk' '-v' '-o' 'cmTC_3e3eb'
 /Users/long.nguyenviet/esp/esp8266/xtensa-lx106-elf/bin/../libexec/gcc/xtensa-lx106-elf/8.4.0/collect2 -plugin /Users/long.nguyenviet/esp/esp8266/xtensa-lx106-elf/bin/../libexec/gcc/xtensa-lx106-elf/8.4.0/liblto_plugin.so -plugin-opt=/Users/long.nguyenviet/esp/esp8266/xtensa-lx106-elf/bin/../libexec/gcc/xtensa-lx106-elf/8.4.0/lto-wrapper -plugin-opt=-fresolution=/var/folders/bg/vthjw4px2n71xyq12hrggpfc0000gp/T//ccoJw66X.res -plugin-opt=-pass-through=-lgcc -plugin-opt=-pass-through=-lc -plugin-opt=-pass-through=-lnosys -plugin-opt=-pass-through=-lc -plugin-opt=-pass-through=-lgcc -o cmTC_3e3eb /Users/long.nguyenviet/esp/esp8266/xtensa-lx106-elf/bin/../lib/gcc/xtensa-lx106-elf/8.4.0/../../../../xtensa-lx106-elf/lib/crt0.o /Users/long.nguyenviet/esp/esp8266/xtensa-lx106-elf/bin/../lib/gcc/xtensa-lx106-elf/8.4.0/crti.o /Users/long.nguyenviet/esp/esp8266/xtensa-lx106-elf/bin/../lib/gcc/xtensa-lx106-elf/8.4.0/crtbegin.o -L/Users/long.nguyenviet/esp/esp8266/xtensa-lx106-elf/bin/../lib/gcc/xtensa-lx106-elf/8.4.0 -L/Users/long.nguyenviet/esp/esp8266/xtensa-lx106-elf/bin/../lib/gcc -L/Users/long.nguyenviet/esp/esp8266/xtensa-lx106-elf/bin/../lib/gcc/xtensa-lx106-elf/8.4.0/../../../../xtensa-lx106-elf/lib -search_paths_first -headerpad_max_install_names -v CMakeFiles/cmTC_3e3eb.dir/CMakeCXXCompilerABI.cpp.o -lstdc++ -lm -lgcc -lc -lnosys -lc -lgcc /Users/long.nguyenviet/esp/esp8266/xtensa-lx106-elf/bin/../lib/gcc/xtensa-lx106-elf/8.4.0/crtend.o /Users/long.nguyenviet/esp/esp8266/xtensa-lx106-elf/bin/../lib/gcc/xtensa-lx106-elf/8.4.0/crtn.o
collect2 version 8.4.0
/Users/long.nguyenviet/esp/esp8266/xtensa-lx106-elf/bin/../lib/gcc/xtensa-lx106-elf/8.4.0/../../../../xtensa-lx106-elf/bin/ld -plugin /Users/long.nguyenviet/esp/esp8266/xtensa-lx106-elf/bin/../libexec/gcc/xtensa-lx106-elf/8.4.0/liblto_plugin.so -plugin-opt=/Users/long.nguyenviet/esp/esp8266/xtensa-lx106-elf/bin/../libexec/gcc/xtensa-lx106-elf/8.4.0/lto-wrapper -plugin-opt=-fresolution=/var/folders/bg/vthjw4px2n71xyq12hrggpfc0000gp/T//ccoJw66X.res -plugin-opt=-pass-through=-lgcc -plugin-opt=-pass-through=-lc -plugin-opt=-pass-through=-lnosys -plugin-opt=-pass-through=-lc -plugin-opt=-pass-through=-lgcc -o cmTC_3e3eb /Users/long.nguyenviet/esp/esp8266/xtensa-lx106-elf/bin/../lib/gcc/xtensa-lx106-elf/8.4.0/../../../../xtensa-lx106-elf/lib/crt0.o /Users/long.nguyenviet/esp/esp8266/xtensa-lx106-elf/bin/../lib/gcc/xtensa-lx106-elf/8.4.0/crti.o /Users/long.nguyenviet/esp/esp8266/xtensa-lx106-elf/bin/../lib/gcc/xtensa-lx106-elf/8.4.0/crtbegin.o -L/Users/long.nguyenviet/esp/esp8266/xtensa-lx106-elf/bin/../lib/gcc/xtensa-lx106-elf/8.4.0 -L/Users/long.nguyenviet/esp/esp8266/xtensa-lx106-elf/bin/../lib/gcc -L/Users/long.nguyenviet/esp/esp8266/xtensa-lx106-elf/bin/../lib/gcc/xtensa-lx106-elf/8.4.0/../../../../xtensa-lx106-elf/lib -search_paths_first -headerpad_max_install_names -v CMakeFiles/cmTC_3e3eb.dir/CMakeCXXCompilerABI.cpp.o -lstdc++ -lm -lgcc -lc -lnosys -lc -lgcc /Users/long.nguyenviet/esp/esp8266/xtensa-lx106-elf/bin/../lib/gcc/xtensa-lx106-elf/8.4.0/crtend.o /Users/long.nguyenviet/esp/esp8266/xtensa-lx106-elf/bin/../lib/gcc/xtensa-lx106-elf/8.4.0/crtn.o
GNU ld (crosstool-NG esp-2020r3-49-gd5524c1) 2.31.1/Users/long.nguyenviet/esp/esp8266/xtensa-lx106-elf/bin/../lib/gcc/xtensa-lx106-elf/8.4.0/../../../../xtensa-lx106-elf/bin/ld: warning: cannot find entry symbol arch_paths_first; defaulting to 0000000000400074

COLLECT_GCC_OPTIONS='-isysroot' '/Library/Developer/CommandLineTools/SDKs/MacOSX13.1.sdk' '-v' '-o' 'cmTC_3e3eb'



Parsed CXX implicit include dir info from above output: rv=done
  found start of include info
  found start of implicit include info
    add: [/Users/long.nguyenviet/esp/esp8266/xtensa-lx106-elf/bin/../lib/gcc/xtensa-lx106-elf/8.4.0/../../../../xtensa-lx106-elf/include/c++/8.4.0]
    add: [/Users/long.nguyenviet/esp/esp8266/xtensa-lx106-elf/bin/../lib/gcc/xtensa-lx106-elf/8.4.0/../../../../xtensa-lx106-elf/include/c++/8.4.0/xtensa-lx106-elf]
    add: [/Users/long.nguyenviet/esp/esp8266/xtensa-lx106-elf/bin/../lib/gcc/xtensa-lx106-elf/8.4.0/../../../../xtensa-lx106-elf/include/c++/8.4.0/backward]
    add: [/Users/long.nguyenviet/esp/esp8266/xtensa-lx106-elf/bin/../lib/gcc/xtensa-lx106-elf/8.4.0/include]
    add: [/Users/long.nguyenviet/esp/esp8266/xtensa-lx106-elf/bin/../lib/gcc/xtensa-lx106-elf/8.4.0/include-fixed]
    add: [/Users/long.nguyenviet/esp/esp8266/xtensa-lx106-elf/bin/../lib/gcc/xtensa-lx106-elf/8.4.0/../../../../xtensa-lx106-elf/sys-include]
    add: [/Users/long.nguyenviet/esp/esp8266/xtensa-lx106-elf/bin/../lib/gcc/xtensa-lx106-elf/8.4.0/../../../../xtensa-lx106-elf/include]
  end of search list found
  collapse include dir [/Users/long.nguyenviet/esp/esp8266/xtensa-lx106-elf/bin/../lib/gcc/xtensa-lx106-elf/8.4.0/../../../../xtensa-lx106-elf/include/c++/8.4.0] ==> [/Users/long.nguyenviet/esp/esp8266/xtensa-lx106-elf/xtensa-lx106-elf/include/c++/8.4.0]
  collapse include dir [/Users/long.nguyenviet/esp/esp8266/xtensa-lx106-elf/bin/../lib/gcc/xtensa-lx106-elf/8.4.0/../../../../xtensa-lx106-elf/include/c++/8.4.0/xtensa-lx106-elf] ==> [/Users/long.nguyenviet/esp/esp8266/xtensa-lx106-elf/xtensa-lx106-elf/include/c++/8.4.0/xtensa-lx106-elf]
  collapse include dir [/Users/long.nguyenviet/esp/esp8266/xtensa-lx106-elf/bin/../lib/gcc/xtensa-lx106-elf/8.4.0/../../../../xtensa-lx106-elf/include/c++/8.4.0/backward] ==> [/Users/long.nguyenviet/esp/esp8266/xtensa-lx106-elf/xtensa-lx106-elf/include/c++/8.4.0/backward]
  collapse include dir [/Users/long.nguyenviet/esp/esp8266/xtensa-lx106-elf/bin/../lib/gcc/xtensa-lx106-elf/8.4.0/include] ==> [/Users/long.nguyenviet/esp/esp8266/xtensa-lx106-elf/lib/gcc/xtensa-lx106-elf/8.4.0/include]
  collapse include dir [/Users/long.nguyenviet/esp/esp8266/xtensa-lx106-elf/bin/../lib/gcc/xtensa-lx106-elf/8.4.0/include-fixed] ==> [/Users/long.nguyenviet/esp/esp8266/xtensa-lx106-elf/lib/gcc/xtensa-lx106-elf/8.4.0/include-fixed]
  collapse include dir [/Users/long.nguyenviet/esp/esp8266/xtensa-lx106-elf/bin/../lib/gcc/xtensa-lx106-elf/8.4.0/../../../../xtensa-lx106-elf/sys-include] ==> [/Users/long.nguyenviet/esp/esp8266/xtensa-lx106-elf/xtensa-lx106-elf/sys-include]
  collapse include dir [/Users/long.nguyenviet/esp/esp8266/xtensa-lx106-elf/bin/../lib/gcc/xtensa-lx106-elf/8.4.0/../../../../xtensa-lx106-elf/include] ==> [/Users/long.nguyenviet/esp/esp8266/xtensa-lx106-elf/xtensa-lx106-elf/include]
  implicit include dirs: [/Users/long.nguyenviet/esp/esp8266/xtensa-lx106-elf/xtensa-lx106-elf/include/c++/8.4.0;/Users/long.nguyenviet/esp/esp8266/xtensa-lx106-elf/xtensa-lx106-elf/include/c++/8.4.0/xtensa-lx106-elf;/Users/long.nguyenviet/esp/esp8266/xtensa-lx106-elf/xtensa-lx106-elf/include/c++/8.4.0/backward;/Users/long.nguyenviet/esp/esp8266/xtensa-lx106-elf/lib/gcc/xtensa-lx106-elf/8.4.0/include;/Users/long.nguyenviet/esp/esp8266/xtensa-lx106-elf/lib/gcc/xtensa-lx106-elf/8.4.0/include-fixed;/Users/long.nguyenviet/esp/esp8266/xtensa-lx106-elf/xtensa-lx106-elf/sys-include;/Users/long.nguyenviet/esp/esp8266/xtensa-lx106-elf/xtensa-lx106-elf/include]


Parsed CXX implicit link information from above output:
  link line regex: [^( *|.*[/\])(xtensa-lx106-elf-ld|CMAKE_LINK_STARTFILE-NOTFOUND|([^/\]+-)?ld|collect2)[^/\]*( |$)]
  ignore line: [Change Dir: /Volumes/Works/Weekend/IoT/esp8266/esp8266-rtos-switch/components/esp8266-rtos-core/cmake-build-esp8266-rtos-sdk/CMakeFiles/CMakeTmp]
  ignore line: []
  ignore line: [Run Build Command(s):/usr/bin/make -f Makefile cmTC_3e3eb/fast && /Library/Developer/CommandLineTools/usr/bin/make  -f CMakeFiles/cmTC_3e3eb.dir/build.make CMakeFiles/cmTC_3e3eb.dir/build]
  ignore line: [Building CXX object CMakeFiles/cmTC_3e3eb.dir/CMakeCXXCompilerABI.cpp.o]
  ignore line: [/Users/long.nguyenviet/esp/esp8266/xtensa-lx106-elf/bin/xtensa-lx106-elf-g++   -isysroot /Library/Developer/CommandLineTools/SDKs/MacOSX13.1.sdk   -v -Wl -v -o CMakeFiles/cmTC_3e3eb.dir/CMakeCXXCompilerABI.cpp.o -c /Applications/CLion.app/Contents/bin/cmake/mac/share/cmake-3.21/Modules/CMakeCXXCompilerABI.cpp]
  ignore line: [Using built-in specs.]
  ignore line: [COLLECT_GCC=/Users/long.nguyenviet/esp/esp8266/xtensa-lx106-elf/bin/xtensa-lx106-elf-g++]
  ignore line: [Target: xtensa-lx106-elf]
  ignore line: [Configured with: /builds/idf/crosstool-NG/.build/HOST-x86_64-apple-darwin12/xtensa-lx106-elf/src/gcc/configure --build=x86_64-build_pc-linux-gnu --host=x86_64-host_apple-darwin12 --target=xtensa-lx106-elf --prefix=/builds/idf/crosstool-NG/builds/xtensa-lx106-elf --with-local-prefix=/builds/idf/crosstool-NG/builds/xtensa-lx106-elf/xtensa-lx106-elf --with-headers=/builds/idf/crosstool-NG/builds/xtensa-lx106-elf/xtensa-lx106-elf/include --with-newlib --enable-threads=no --disable-shared --with-pkgversion='crosstool-NG esp-2020r3-49-gd5524c1' --disable-__cxa_atexit --enable-cxx-flags=-ffunction-sections --disable-libgomp --disable-libmudflap --disable-libmpx --disable-libssp --disable-libquadmath --disable-libquadmath-support --with-gmp=/builds/idf/crosstool-NG/.build/HOST-x86_64-apple-darwin12/xtensa-lx106-elf/buildtools/complibs-host --with-mpfr=/builds/idf/crosstool-NG/.build/HOST-x86_64-apple-darwin12/xtensa-lx106-elf/buildtools/complibs-host --with-mpc=/builds/idf/crosstool-NG/.build/HOST-x86_64-apple-darwin12/xtensa-lx106-elf/buildtools/complibs-host --with-isl=/builds/idf/crosstool-NG/.build/HOST-x86_64-apple-darwin12/xtensa-lx106-elf/buildtools/complibs-host --enable-lto --enable-target-optspace --without-long-double-128 --disable-nls --enable-multiarch --enable-languages=c c++ --disable-libstdcxx-verbose --enable-threads=posix --enable-libstdcxx-time=yes]
  ignore line: [Thread model: posix]
  ignore line: [gcc version 8.4.0 (crosstool-NG esp-2020r3-49-gd5524c1) ]
  ignore line: [COLLECT_GCC_OPTIONS='-isysroot' '/Library/Developer/CommandLineTools/SDKs/MacOSX13.1.sdk' '-v' '-o' 'CMakeFiles/cmTC_3e3eb.dir/CMakeCXXCompilerABI.cpp.o' '-c']
  ignore line: [ /Users/long.nguyenviet/esp/esp8266/xtensa-lx106-elf/bin/../libexec/gcc/xtensa-lx106-elf/8.4.0/cc1plus -quiet -v -iprefix /Users/long.nguyenviet/esp/esp8266/xtensa-lx106-elf/bin/../lib/gcc/xtensa-lx106-elf/8.4.0/ -isysroot /Library/Developer/CommandLineTools/SDKs/MacOSX13.1.sdk /Applications/CLion.app/Contents/bin/cmake/mac/share/cmake-3.21/Modules/CMakeCXXCompilerABI.cpp -quiet -dumpbase CMakeCXXCompilerABI.cpp -auxbase-strip CMakeFiles/cmTC_3e3eb.dir/CMakeCXXCompilerABI.cpp.o -version -o /var/folders/bg/vthjw4px2n71xyq12hrggpfc0000gp/T//ccXiVDrd.s]
  ignore line: [GNU C++14 (crosstool-NG esp-2020r3-49-gd5524c1) version 8.4.0 (xtensa-lx106-elf)]
  ignore line: [	compiled by GNU C version 8.3.0  GMP version 6.1.2  MPFR version 4.0.1  MPC version 1.1.0  isl version isl-0.19-GMP]
  ignore line: []
  ignore line: [GGC heuristics: --param ggc-min-expand=100 --param ggc-min-heapsize=131072]
  ignore line: [ignoring duplicate directory "/Users/long.nguyenviet/esp/esp8266/xtensa-lx106-elf/bin/../lib/gcc/../../lib/gcc/xtensa-lx106-elf/8.4.0/../../../../xtensa-lx106-elf/include/c++/8.4.0"]
  ignore line: [ignoring duplicate directory "/Users/long.nguyenviet/esp/esp8266/xtensa-lx106-elf/bin/../lib/gcc/../../lib/gcc/xtensa-lx106-elf/8.4.0/../../../../xtensa-lx106-elf/include/c++/8.4.0/xtensa-lx106-elf"]
  ignore line: [ignoring duplicate directory "/Users/long.nguyenviet/esp/esp8266/xtensa-lx106-elf/bin/../lib/gcc/../../lib/gcc/xtensa-lx106-elf/8.4.0/../../../../xtensa-lx106-elf/include/c++/8.4.0/backward"]
  ignore line: [ignoring duplicate directory "/Users/long.nguyenviet/esp/esp8266/xtensa-lx106-elf/bin/../lib/gcc/../../lib/gcc/xtensa-lx106-elf/8.4.0/include"]
  ignore line: [ignoring duplicate directory "/Users/long.nguyenviet/esp/esp8266/xtensa-lx106-elf/bin/../lib/gcc/../../lib/gcc/xtensa-lx106-elf/8.4.0/include-fixed"]
  ignore line: [ignoring duplicate directory "/Users/long.nguyenviet/esp/esp8266/xtensa-lx106-elf/bin/../lib/gcc/../../lib/gcc/xtensa-lx106-elf/8.4.0/../../../../xtensa-lx106-elf/sys-include"]
  ignore line: [ignoring duplicate directory "/Users/long.nguyenviet/esp/esp8266/xtensa-lx106-elf/bin/../lib/gcc/../../lib/gcc/xtensa-lx106-elf/8.4.0/../../../../xtensa-lx106-elf/include"]
  ignore line: [#include "..." search starts here:]
  ignore line: [#include <...> search starts here:]
  ignore line: [ /Users/long.nguyenviet/esp/esp8266/xtensa-lx106-elf/bin/../lib/gcc/xtensa-lx106-elf/8.4.0/../../../../xtensa-lx106-elf/include/c++/8.4.0]
  ignore line: [ /Users/long.nguyenviet/esp/esp8266/xtensa-lx106-elf/bin/../lib/gcc/xtensa-lx106-elf/8.4.0/../../../../xtensa-lx106-elf/include/c++/8.4.0/xtensa-lx106-elf]
  ignore line: [ /Users/long.nguyenviet/esp/esp8266/xtensa-lx106-elf/bin/../lib/gcc/xtensa-lx106-elf/8.4.0/../../../../xtensa-lx106-elf/include/c++/8.4.0/backward]
  ignore line: [ /Users/long.nguyenviet/esp/esp8266/xtensa-lx106-elf/bin/../lib/gcc/xtensa-lx106-elf/8.4.0/include]
  ignore line: [ /Users/long.nguyenviet/esp/esp8266/xtensa-lx106-elf/bin/../lib/gcc/xtensa-lx106-elf/8.4.0/include-fixed]
  ignore line: [ /Users/long.nguyenviet/esp/esp8266/xtensa-lx106-elf/bin/../lib/gcc/xtensa-lx106-elf/8.4.0/../../../../xtensa-lx106-elf/sys-include]
  ignore line: [ /Users/long.nguyenviet/esp/esp8266/xtensa-lx106-elf/bin/../lib/gcc/xtensa-lx106-elf/8.4.0/../../../../xtensa-lx106-elf/include]
  ignore line: [End of search list.]
  ignore line: [GNU C++14 (crosstool-NG esp-2020r3-49-gd5524c1) version 8.4.0 (xtensa-lx106-elf)]
  ignore line: [	compiled by GNU C version 8.3.0  GMP version 6.1.2  MPFR version 4.0.1  MPC version 1.1.0  isl version isl-0.19-GMP]
  ignore line: []
  ignore line: [GGC heuristics: --param ggc-min-expand=100 --param ggc-min-heapsize=131072]
  ignore line: [Compiler executable checksum: cb2640c07888211f377428221d8cd919]
  ignore line: [COLLECT_GCC_OPTIONS='-isysroot' '/Library/Developer/CommandLineTools/SDKs/MacOSX13.1.sdk' '-v' '-o' 'CMakeFiles/cmTC_3e3eb.dir/CMakeCXXCompilerABI.cpp.o' '-c']
  ignore line: [ /Users/long.nguyenviet/esp/esp8266/xtensa-lx106-elf/bin/../lib/gcc/xtensa-lx106-elf/8.4.0/../../../../xtensa-lx106-elf/bin/as --traditional-format -o CMakeFiles/cmTC_3e3eb.dir/CMakeCXXCompilerABI.cpp.o /var/folders/bg/vthjw4px2n71xyq12hrggpfc0000gp/T//ccXiVDrd.s]
  ignore line: [COMPILER_PATH=/Users/long.nguyenviet/esp/esp8266/xtensa-lx106-elf/bin/../libexec/gcc/xtensa-lx106-elf/8.4.0/:/Users/long.nguyenviet/esp/esp8266/xtensa-lx106-elf/bin/../libexec/gcc/:/Users/long.nguyenviet/esp/esp8266/xtensa-lx106-elf/bin/../lib/gcc/xtensa-lx106-elf/8.4.0/../../../../xtensa-lx106-elf/bin/]
  ignore line: [LIBRARY_PATH=/Users/long.nguyenviet/esp/esp8266/xtensa-lx106-elf/bin/../lib/gcc/xtensa-lx106-elf/8.4.0/:/Users/long.nguyenviet/esp/esp8266/xtensa-lx106-elf/bin/../lib/gcc/:/Users/long.nguyenviet/esp/esp8266/xtensa-lx106-elf/bin/../lib/gcc/xtensa-lx106-elf/8.4.0/../../../../xtensa-lx106-elf/lib/]
  ignore line: [COLLECT_GCC_OPTIONS='-isysroot' '/Library/Developer/CommandLineTools/SDKs/MacOSX13.1.sdk' '-v' '-o' 'CMakeFiles/cmTC_3e3eb.dir/CMakeCXXCompilerABI.cpp.o' '-c']
  ignore line: [Linking CXX executable cmTC_3e3eb]
  ignore line: [/Applications/CLion.app/Contents/bin/cmake/mac/bin/cmake -E cmake_link_script CMakeFiles/cmTC_3e3eb.dir/link.txt --verbose=1]
  ignore line: [/Users/long.nguyenviet/esp/esp8266/xtensa-lx106-elf/bin/xtensa-lx106-elf-g++  -isysroot /Library/Developer/CommandLineTools/SDKs/MacOSX13.1.sdk -Wl -search_paths_first -Wl -headerpad_max_install_names  -v -Wl -v CMakeFiles/cmTC_3e3eb.dir/CMakeCXXCompilerABI.cpp.o -o cmTC_3e3eb ]
  ignore line: [Using built-in specs.]
  ignore line: [COLLECT_GCC=/Users/long.nguyenviet/esp/esp8266/xtensa-lx106-elf/bin/xtensa-lx106-elf-g++]
  ignore line: [COLLECT_LTO_WRAPPER=/Users/long.nguyenviet/esp/esp8266/xtensa-lx106-elf/bin/../libexec/gcc/xtensa-lx106-elf/8.4.0/lto-wrapper]
  ignore line: [Target: xtensa-lx106-elf]
  ignore line: [Configured with: /builds/idf/crosstool-NG/.build/HOST-x86_64-apple-darwin12/xtensa-lx106-elf/src/gcc/configure --build=x86_64-build_pc-linux-gnu --host=x86_64-host_apple-darwin12 --target=xtensa-lx106-elf --prefix=/builds/idf/crosstool-NG/builds/xtensa-lx106-elf --with-local-prefix=/builds/idf/crosstool-NG/builds/xtensa-lx106-elf/xtensa-lx106-elf --with-headers=/builds/idf/crosstool-NG/builds/xtensa-lx106-elf/xtensa-lx106-elf/include --with-newlib --enable-threads=no --disable-shared --with-pkgversion='crosstool-NG esp-2020r3-49-gd5524c1' --disable-__cxa_atexit --enable-cxx-flags=-ffunction-sections --disable-libgomp --disable-libmudflap --disable-libmpx --disable-libssp --disable-libquadmath --disable-libquadmath-support --with-gmp=/builds/idf/crosstool-NG/.build/HOST-x86_64-apple-darwin12/xtensa-lx106-elf/buildtools/complibs-host --with-mpfr=/builds/idf/crosstool-NG/.build/HOST-x86_64-apple-darwin12/xtensa-lx106-elf/buildtools/complibs-host --with-mpc=/builds/idf/crosstool-NG/.build/HOST-x86_64-apple-darwin12/xtensa-lx106-elf/buildtools/complibs-host --with-isl=/builds/idf/crosstool-NG/.build/HOST-x86_64-apple-darwin12/xtensa-lx106-elf/buildtools/complibs-host --enable-lto --enable-target-optspace --without-long-double-128 --disable-nls --enable-multiarch --enable-languages=c c++ --disable-libstdcxx-verbose --enable-threads=posix --enable-libstdcxx-time=yes]
  ignore line: [Thread model: posix]
  ignore line: [gcc version 8.4.0 (crosstool-NG esp-2020r3-49-gd5524c1) ]
  ignore line: [COMPILER_PATH=/Users/long.nguyenviet/esp/esp8266/xtensa-lx106-elf/bin/../libexec/gcc/xtensa-lx106-elf/8.4.0/:/Users/long.nguyenviet/esp/esp8266/xtensa-lx106-elf/bin/../libexec/gcc/:/Users/long.nguyenviet/esp/esp8266/xtensa-lx106-elf/bin/../lib/gcc/xtensa-lx106-elf/8.4.0/../../../../xtensa-lx106-elf/bin/]
  ignore line: [LIBRARY_PATH=/Users/long.nguyenviet/esp/esp8266/xtensa-lx106-elf/bin/../lib/gcc/xtensa-lx106-elf/8.4.0/:/Users/long.nguyenviet/esp/esp8266/xtensa-lx106-elf/bin/../lib/gcc/:/Users/long.nguyenviet/esp/esp8266/xtensa-lx106-elf/bin/../lib/gcc/xtensa-lx106-elf/8.4.0/../../../../xtensa-lx106-elf/lib/]
  ignore line: [COLLECT_GCC_OPTIONS='-isysroot' '/Library/Developer/CommandLineTools/SDKs/MacOSX13.1.sdk' '-v' '-o' 'cmTC_3e3eb']
  link line: [ /Users/long.nguyenviet/esp/esp8266/xtensa-lx106-elf/bin/../libexec/gcc/xtensa-lx106-elf/8.4.0/collect2 -plugin /Users/long.nguyenviet/esp/esp8266/xtensa-lx106-elf/bin/../libexec/gcc/xtensa-lx106-elf/8.4.0/liblto_plugin.so -plugin-opt=/Users/long.nguyenviet/esp/esp8266/xtensa-lx106-elf/bin/../libexec/gcc/xtensa-lx106-elf/8.4.0/lto-wrapper -plugin-opt=-fresolution=/var/folders/bg/vthjw4px2n71xyq12hrggpfc0000gp/T//ccoJw66X.res -plugin-opt=-pass-through=-lgcc -plugin-opt=-pass-through=-lc -plugin-opt=-pass-through=-lnosys -plugin-opt=-pass-through=-lc -plugin-opt=-pass-through=-lgcc -o cmTC_3e3eb /Users/long.nguyenviet/esp/esp8266/xtensa-lx106-elf/bin/../lib/gcc/xtensa-lx106-elf/8.4.0/../../../../xtensa-lx106-elf/lib/crt0.o /Users/long.nguyenviet/esp/esp8266/xtensa-lx106-elf/bin/../lib/gcc/xtensa-lx106-elf/8.4.0/crti.o /Users/long.nguyenviet/esp/esp8266/xtensa-lx106-elf/bin/../lib/gcc/xtensa-lx106-elf/8.4.0/crtbegin.o -L/Users/long.nguyenviet/esp/esp8266/xtensa-lx106-elf/bin/../lib/gcc/xtensa-lx106-elf/8.4.0 -L/Users/long.nguyenviet/esp/esp8266/xtensa-lx106-elf/bin/../lib/gcc -L/Users/long.nguyenviet/esp/esp8266/xtensa-lx106-elf/bin/../lib/gcc/xtensa-lx106-elf/8.4.0/../../../../xtensa-lx106-elf/lib -search_paths_first -headerpad_max_install_names -v CMakeFiles/cmTC_3e3eb.dir/CMakeCXXCompilerABI.cpp.o -lstdc++ -lm -lgcc -lc -lnosys -lc -lgcc /Users/long.nguyenviet/esp/esp8266/xtensa-lx106-elf/bin/../lib/gcc/xtensa-lx106-elf/8.4.0/crtend.o /Users/long.nguyenviet/esp/esp8266/xtensa-lx106-elf/bin/../lib/gcc/xtensa-lx106-elf/8.4.0/crtn.o]
    arg [/Users/long.nguyenviet/esp/esp8266/xtensa-lx106-elf/bin/../libexec/gcc/xtensa-lx106-elf/8.4.0/collect2] ==> ignore
    arg [-plugin] ==> ignore
    arg [/Users/long.nguyenviet/esp/esp8266/xtensa-lx106-elf/bin/../libexec/gcc/xtensa-lx106-elf/8.4.0/liblto_plugin.so] ==> ignore
    arg [-plugin-opt=/Users/long.nguyenviet/esp/esp8266/xtensa-lx106-elf/bin/../libexec/gcc/xtensa-lx106-elf/8.4.0/lto-wrapper] ==> ignore
    arg [-plugin-opt=-fresolution=/var/folders/bg/vthjw4px2n71xyq12hrggpfc0000gp/T//ccoJw66X.res] ==> ignore
    arg [-plugin-opt=-pass-through=-lgcc] ==> ignore
    arg [-plugin-opt=-pass-through=-lc] ==> ignore
    arg [-plugin-opt=-pass-through=-lnosys] ==> ignore
    arg [-plugin-opt=-pass-through=-lc] ==> ignore
    arg [-plugin-opt=-pass-through=-lgcc] ==> ignore
    arg [-o] ==> ignore
    arg [cmTC_3e3eb] ==> ignore
    arg [/Users/long.nguyenviet/esp/esp8266/xtensa-lx106-elf/bin/../lib/gcc/xtensa-lx106-elf/8.4.0/../../../../xtensa-lx106-elf/lib/crt0.o] ==> obj [/Users/long.nguyenviet/esp/esp8266/xtensa-lx106-elf/bin/../lib/gcc/xtensa-lx106-elf/8.4.0/../../../../xtensa-lx106-elf/lib/crt0.o]
    arg [/Users/long.nguyenviet/esp/esp8266/xtensa-lx106-elf/bin/../lib/gcc/xtensa-lx106-elf/8.4.0/crti.o] ==> obj [/Users/long.nguyenviet/esp/esp8266/xtensa-lx106-elf/bin/../lib/gcc/xtensa-lx106-elf/8.4.0/crti.o]
    arg [/Users/long.nguyenviet/esp/esp8266/xtensa-lx106-elf/bin/../lib/gcc/xtensa-lx106-elf/8.4.0/crtbegin.o] ==> obj [/Users/long.nguyenviet/esp/esp8266/xtensa-lx106-elf/bin/../lib/gcc/xtensa-lx106-elf/8.4.0/crtbegin.o]
    arg [-L/Users/long.nguyenviet/esp/esp8266/xtensa-lx106-elf/bin/../lib/gcc/xtensa-lx106-elf/8.4.0] ==> dir [/Users/long.nguyenviet/esp/esp8266/xtensa-lx106-elf/bin/../lib/gcc/xtensa-lx106-elf/8.4.0]
    arg [-L/Users/long.nguyenviet/esp/esp8266/xtensa-lx106-elf/bin/../lib/gcc] ==> dir [/Users/long.nguyenviet/esp/esp8266/xtensa-lx106-elf/bin/../lib/gcc]
    arg [-L/Users/long.nguyenviet/esp/esp8266/xtensa-lx106-elf/bin/../lib/gcc/xtensa-lx106-elf/8.4.0/../../../../xtensa-lx106-elf/lib] ==> dir [/Users/long.nguyenviet/esp/esp8266/xtensa-lx106-elf/bin/../lib/gcc/xtensa-lx106-elf/8.4.0/../../../../xtensa-lx106-elf/lib]
    arg [-search_paths_first] ==> ignore
    arg [-headerpad_max_install_names] ==> ignore
    arg [-v] ==> ignore
    arg [CMakeFiles/cmTC_3e3eb.dir/CMakeCXXCompilerABI.cpp.o] ==> ignore
    arg [-lstdc++] ==> lib [stdc++]
    arg [-lm] ==> lib [m]
    arg [-lgcc] ==> lib [gcc]
    arg [-lc] ==> lib [c]
    arg [-lnosys] ==> lib [nosys]
    arg [-lc] ==> lib [c]
    arg [-lgcc] ==> lib [gcc]
    arg [/Users/long.nguyenviet/esp/esp8266/xtensa-lx106-elf/bin/../lib/gcc/xtensa-lx106-elf/8.4.0/crtend.o] ==> obj [/Users/long.nguyenviet/esp/esp8266/xtensa-lx106-elf/bin/../lib/gcc/xtensa-lx106-elf/8.4.0/crtend.o]
    arg [/Users/long.nguyenviet/esp/esp8266/xtensa-lx106-elf/bin/../lib/gcc/xtensa-lx106-elf/8.4.0/crtn.o] ==> obj [/Users/long.nguyenviet/esp/esp8266/xtensa-lx106-elf/bin/../lib/gcc/xtensa-lx106-elf/8.4.0/crtn.o]
  collapse obj [/Users/long.nguyenviet/esp/esp8266/xtensa-lx106-elf/bin/../lib/gcc/xtensa-lx106-elf/8.4.0/../../../../xtensa-lx106-elf/lib/crt0.o] ==> [/Users/long.nguyenviet/esp/esp8266/xtensa-lx106-elf/xtensa-lx106-elf/lib/crt0.o]
  collapse obj [/Users/long.nguyenviet/esp/esp8266/xtensa-lx106-elf/bin/../lib/gcc/xtensa-lx106-elf/8.4.0/crti.o] ==> [/Users/long.nguyenviet/esp/esp8266/xtensa-lx106-elf/lib/gcc/xtensa-lx106-elf/8.4.0/crti.o]
  collapse obj [/Users/long.nguyenviet/esp/esp8266/xtensa-lx106-elf/bin/../lib/gcc/xtensa-lx106-elf/8.4.0/crtbegin.o] ==> [/Users/long.nguyenviet/esp/esp8266/xtensa-lx106-elf/lib/gcc/xtensa-lx106-elf/8.4.0/crtbegin.o]
  collapse obj [/Users/long.nguyenviet/esp/esp8266/xtensa-lx106-elf/bin/../lib/gcc/xtensa-lx106-elf/8.4.0/crtend.o] ==> [/Users/long.nguyenviet/esp/esp8266/xtensa-lx106-elf/lib/gcc/xtensa-lx106-elf/8.4.0/crtend.o]
  collapse obj [/Users/long.nguyenviet/esp/esp8266/xtensa-lx106-elf/bin/../lib/gcc/xtensa-lx106-elf/8.4.0/crtn.o] ==> [/Users/long.nguyenviet/esp/esp8266/xtensa-lx106-elf/lib/gcc/xtensa-lx106-elf/8.4.0/crtn.o]
  collapse library dir [/Users/long.nguyenviet/esp/esp8266/xtensa-lx106-elf/bin/../lib/gcc/xtensa-lx106-elf/8.4.0] ==> [/Users/long.nguyenviet/esp/esp8266/xtensa-lx106-elf/lib/gcc/xtensa-lx106-elf/8.4.0]
  collapse library dir [/Users/long.nguyenviet/esp/esp8266/xtensa-lx106-elf/bin/../lib/gcc] ==> [/Users/long.nguyenviet/esp/esp8266/xtensa-lx106-elf/lib/gcc]
  collapse library dir [/Users/long.nguyenviet/esp/esp8266/xtensa-lx106-elf/bin/../lib/gcc/xtensa-lx106-elf/8.4.0/../../../../xtensa-lx106-elf/lib] ==> [/Users/long.nguyenviet/esp/esp8266/xtensa-lx106-elf/xtensa-lx106-elf/lib]
  implicit libs: [stdc++;m;gcc;c;nosys;c;gcc]
  implicit objs: [/Users/long.nguyenviet/esp/esp8266/xtensa-lx106-elf/xtensa-lx106-elf/lib/crt0.o;/Users/long.nguyenviet/esp/esp8266/xtensa-lx106-elf/lib/gcc/xtensa-lx106-elf/8.4.0/crti.o;/Users/long.nguyenviet/esp/esp8266/xtensa-lx106-elf/lib/gcc/xtensa-lx106-elf/8.4.0/crtbegin.o;/Users/long.nguyenviet/esp/esp8266/xtensa-lx106-elf/lib/gcc/xtensa-lx106-elf/8.4.0/crtend.o;/Users/long.nguyenviet/esp/esp8266/xtensa-lx106-elf/lib/gcc/xtensa-lx106-elf/8.4.0/crtn.o]
  implicit dirs: [/Users/long.nguyenviet/esp/esp8266/xtensa-lx106-elf/lib/gcc/xtensa-lx106-elf/8.4.0;/Users/long.nguyenviet/esp/esp8266/xtensa-lx106-elf/lib/gcc;/Users/long.nguyenviet/esp/esp8266/xtensa-lx106-elf/xtensa-lx106-elf/lib]
  implicit fwks: []


